Using pre-set license
Built from '2022.2/release' branch; Version is '2022.2.0a9 (fbbd3cf564e5) revision 16497980'; Using compiler version '192829333'; Build Type 'Release'
OS: 'Windows 10  (10.0.19044) 64bit Core' Language: 'tr' Physical Memory: 16272 MB
BatchMode: 1, IsHumanControllingUs: 0, StartBugReporterOnCrash: 0, Is64bit: 1, IsPro: 1

COMMAND LINE ARGUMENTS:
C:\Program Files\Unity\Hub\Editor\2022.2.0a9\Editor\Unity.exe
-adb2
-batchMode
-noUpm
-name
AssetImportWorker0
-projectPath
C:/Users/alper/Desktop/CreateWithCode/UnityOfficial/Prototype4/Prototype4
-logFile
Logs/AssetImportWorker0.log
-srvPort
63978
Successfully changed project path to: C:/Users/alper/Desktop/CreateWithCode/UnityOfficial/Prototype4/Prototype4
C:/Users/alper/Desktop/CreateWithCode/UnityOfficial/Prototype4/Prototype4
[UnityMemory] Configuration Parameters - Can be set up in boot.config
    "memorysetup-bucket-allocator-granularity=16"
    "memorysetup-bucket-allocator-bucket-count=8"
    "memorysetup-bucket-allocator-block-size=33554432"
    "memorysetup-bucket-allocator-block-count=8"
    "memorysetup-main-allocator-block-size=16777216"
    "memorysetup-thread-allocator-block-size=16777216"
    "memorysetup-gfx-main-allocator-block-size=16777216"
    "memorysetup-gfx-thread-allocator-block-size=16777216"
    "memorysetup-cache-allocator-block-size=4194304"
    "memorysetup-typetree-allocator-block-size=2097152"
    "memorysetup-profiler-bucket-allocator-granularity=16"
    "memorysetup-profiler-bucket-allocator-bucket-count=8"
    "memorysetup-profiler-bucket-allocator-block-size=33554432"
    "memorysetup-profiler-bucket-allocator-block-count=8"
    "memorysetup-profiler-allocator-block-size=16777216"
    "memorysetup-profiler-editor-allocator-block-size=1048576"
    "memorysetup-temp-allocator-size-main=16777216"
    "memorysetup-job-temp-allocator-block-size=2097152"
    "memorysetup-job-temp-allocator-block-size-background=1048576"
    "memorysetup-job-temp-allocator-reduction-small-platforms=262144"
    "memorysetup-temp-allocator-size-background-worker=32768"
    "memorysetup-temp-allocator-size-job-worker=262144"
    "memorysetup-temp-allocator-size-preload-manager=33554432"
    "memorysetup-temp-allocator-size-nav-mesh-worker=65536"
    "memorysetup-temp-allocator-size-audio-worker=65536"
    "memorysetup-temp-allocator-size-cloud-worker=32768"
    "memorysetup-temp-allocator-size-gi-baking-worker=262144"
    "memorysetup-temp-allocator-size-gfx=262144"
Refreshing native plugins compatible for Editor in 100.68 ms, found 3 plugins.
Preloading 0 native plugins for Editor in 0.00 ms.
Initialize engine version: 2022.2.0a9 (fbbd3cf564e5)
[Subsystems] Discovering subsystems at path C:/Program Files/Unity/Hub/Editor/2022.2.0a9/Editor/Data/Resources/UnitySubsystems
[Subsystems] Discovering subsystems at path C:/Users/alper/Desktop/CreateWithCode/UnityOfficial/Prototype4/Prototype4/Assets
GfxDevice: creating device client; threaded=0; jobified=0
Direct3D:
    Version:  Direct3D 11.0 [level 11.1]
    Renderer: NVIDIA GeForce GTX 1050 Ti (ID=0x1c8c)
    Vendor:   NVIDIA
    VRAM:     4019 MB
    Driver:   30.0.15.1215
Initialize mono
Mono path[0] = 'C:/Program Files/Unity/Hub/Editor/2022.2.0a9/Editor/Data/Managed'
Mono path[1] = 'C:/Program Files/Unity/Hub/Editor/2022.2.0a9/Editor/Data/MonoBleedingEdge/lib/mono/unityjit-win32'
Mono config path = 'C:/Program Files/Unity/Hub/Editor/2022.2.0a9/Editor/Data/MonoBleedingEdge/etc'
Using monoOptions --debugger-agent=transport=dt_socket,embedding=1,server=y,suspend=n,address=127.0.0.1:56088
Begin MonoManager ReloadAssembly
Registering precompiled unity dll's ...
Register platform support module: C:/Program Files/Unity/Hub/Editor/2022.2.0a9/Editor/Data/PlaybackEngines/AndroidPlayer/UnityEditor.Android.Extensions.dll
Register platform support module: C:/Program Files/Unity/Hub/Editor/2022.2.0a9/Editor/Data/PlaybackEngines/iOSSupport/UnityEditor.iOS.Extensions.dll
Register platform support module: C:/Program Files/Unity/Hub/Editor/2022.2.0a9/Editor/Data/PlaybackEngines/WindowsStandaloneSupport/UnityEditor.WindowsStandalone.Extensions.dll
Registered in 0.015201 seconds.
- Loaded All Assemblies, in  0.463 seconds
Refreshing native plugins compatible for Editor in 98.94 ms, found 3 plugins.
Preloading 0 native plugins for Editor in 0.00 ms.
Native extension for WindowsStandalone target not found
[usbmuxd] Start listen thread
[usbmuxd] Listen thread started
Native extension for iOS target not found
Native extension for Android target not found
Android Extension - Scanning For ADB Devices 493 ms
Mono: successfully reloaded assembly
- Finished resetting the current domain, in  1.009 seconds
Domain Reload Profiling:
	ReloadAssembly (271ms)
		BeginReloadAssembly (108ms)
			ExecutionOrderSort (0ms)
			DisableScriptedObjects (0ms)
			BackupInstance (0ms)
			ReleaseScriptingObjects (0ms)
			CreateAndSetChildDomain (1ms)
		LoadAllAssembliesAndSetupDomain (0ms)
			LoadAssemblies (105ms)
			RebuildTransferFunctionScriptingTraits (0ms)
			SetupTypeCache (180ms)
				TypeCache.Initialize (178ms)
					TypeCache.ScanAssembly (177ms)
				ResolveRequiredComponents (1ms)
		FinalizeReload (0ms)
			ReleaseScriptCaches (0ms)
			RebuildScriptCaches (0ms)
			SetupLoadedEditorAssemblies (803ms)
				LogAssemblyErrors (0ms)
				InitializePlatformSupportModulesInManaged (581ms)
				SetLoadedEditorAssemblies (8ms)
				RefreshPlugins (0ms)
				BeforeProcessingInitializeOnLoad (1ms)
				ProcessInitializeOnLoadAttributes (155ms)
				ProcessInitializeOnLoadMethodAttributes (58ms)
				AfterProcessingInitializeOnLoad (0ms)
				EditorAssembliesLoaded (0ms)
			ExecutionOrderSort2 (0ms)
			AwakeInstancesAfterBackupRestoration (0ms)
========================================================================
Worker process is ready to serve import requests
Registering precompiled user dll's ...
Registered in 0.006325 seconds.
Begin MonoManager ReloadAssembly
Symbol file LoadedFromMemory doesn't match image C:\Users\alper\Desktop\CreateWithCode\UnityOfficial\Prototype4\Prototype4\Library\PackageCache\com.unity.visualscripting@1.7.5\Editor\VisualScripting.Core\Dependencies\YamlDotNet\Unity.VisualScripting.YamlDotNet.dll
Symbol file LoadedFromMemory is not a mono symbol file
Symbol file LoadedFromMemory doesn't match image C:\Users\alper\Desktop\CreateWithCode\UnityOfficial\Prototype4\Prototype4\Library\PackageCache\com.unity.visualscripting@1.7.5\Editor\VisualScripting.Core\Dependencies\DotNetZip\Unity.VisualScripting.IonicZip.dll
- Loaded All Assemblies, in  1.061 seconds
Refreshing native plugins compatible for Editor in 2.92 ms, found 3 plugins.
Preloading 0 native plugins for Editor in 0.00 ms.
Native extension for WindowsStandalone target not found
Native extension for iOS target not found
Native extension for Android target not found
Mono: successfully reloaded assembly
- Finished resetting the current domain, in  0.747 seconds
Domain Reload Profiling:
	ReloadAssembly (327ms)
		BeginReloadAssembly (189ms)
			ExecutionOrderSort (0ms)
			DisableScriptedObjects (7ms)
			BackupInstance (0ms)
			ReleaseScriptingObjects (0ms)
			CreateAndSetChildDomain (31ms)
		LoadAllAssembliesAndSetupDomain (729ms)
			LoadAssemblies (142ms)
			RebuildTransferFunctionScriptingTraits (0ms)
			SetupTypeCache (663ms)
				TypeCache.Initialize (364ms)
					TypeCache.ScanAssembly (358ms)
				ResolveRequiredComponents (5ms)
		FinalizeReload (0ms)
			ReleaseScriptCaches (0ms)
			RebuildScriptCaches (0ms)
			SetupLoadedEditorAssemblies (517ms)
				LogAssemblyErrors (0ms)
				InitializePlatformSupportModulesInManaged (42ms)
				SetLoadedEditorAssemblies (12ms)
				RefreshPlugins (0ms)
				BeforeProcessingInitializeOnLoad (84ms)
				ProcessInitializeOnLoadAttributes (332ms)
				ProcessInitializeOnLoadMethodAttributes (35ms)
				AfterProcessingInitializeOnLoad (11ms)
				EditorAssembliesLoaded (0ms)
			ExecutionOrderSort2 (0ms)
			AwakeInstancesAfterBackupRestoration (8ms)
Launched and connected shader compiler UnityShaderCompiler.exe after 0.12 seconds
Refreshing native plugins compatible for Editor in 0.90 ms, found 3 plugins.
Preloading 0 native plugins for Editor in 0.00 ms.
Unloading 3246 Unused Serialized files (Serialized files now loaded: 0)
Unloading 22 unused Assets / (57.9 KB). Loaded Objects now: 3715.
Memory consumption went from 488.9 MB to 488.9 MB.
Total: 4.596600 ms (FindLiveObjects: 0.523800 ms CreateObjectMapping: 0.307200 ms MarkObjects: 3.641800 ms  DeleteObjects: 0.122400 ms)

AssetImportParameters requested are different than current active one (requested -> active):
  custom:container-demuxer-ogg: 62fdf1f143b41e24485cea50d1cbac27 -> 
  custom:video-decoder-ogg-theora: a1e56fd34408186e4bbccfd4996cb3dc -> 
  custom:framework-win-MediaFoundation: 216162199b28c13a410421893ffa2e32 -> 
  custom:container-demuxer-webm: 4f35f7cbe854078d1ac9338744f61a02 -> 
  custom:container-muxer-webm: aa71ff27fc2769a1b78a27578f13a17b -> 
  custom:video-decoder-webm-vp8: 9c59270c3fd7afecdb556c50c9e8de78 -> 
  custom:video-encoder-webm-vp8: eb34c28f22e8b96e1ab97ce403110664 -> 
  custom:audio-decoder-ogg-vorbis: bf7c407c2cedff20999df2af8eb42d56 -> 
  custom:audio-encoder-webm-vorbis: bf7c407c2cedff20999df2af8eb42d56 -> 
========================================================================
Received Import Request.
  Time since last request: 50694.574476 seconds.
  path: Assets/Course Library/Materials/PolygonPrototype_Texture_Grid_06.mat
  artifactKey: Guid(427d3d59aace0d644bf7ed881b7003bb) Importer(815301076,1909f56bfc062723c751e8b465ee728b)
Number of updated assets reloaded before import = 0
Start importing Assets/Course Library/Materials/PolygonPrototype_Texture_Grid_06.mat using Guid(427d3d59aace0d644bf7ed881b7003bb) Importer(815301076,1909f56bfc062723c751e8b465ee728b)  -> (artifact id: 'd7b1176a264a7289d605107cfd7cc964') in 0.151864 seconds 
Number of asset objects unloaded after import = 2
========================================================================
Received Import Request.
  Time since last request: 0.014896 seconds.
  path: Assets/Course Library/_Source_Files/FBX/SM_Icon_SelectionRing_03.fbx
  artifactKey: Guid(64f14742378b85b4ba87441822264580) Importer(815301076,1909f56bfc062723c751e8b465ee728b)
Number of updated assets reloaded before import = 0
Start importing Assets/Course Library/_Source_Files/FBX/SM_Icon_SelectionRing_03.fbx using Guid(64f14742378b85b4ba87441822264580) Importer(815301076,1909f56bfc062723c751e8b465ee728b)  -> (artifact id: '680c84c5704fad15fc4a143ebe46db05') in 0.061361 seconds 
Number of asset objects unloaded after import = 7
========================================================================
Received Import Request.
  Time since last request: 0.009190 seconds.
  path: Assets/Course Library/_Source_Files/Materials/PolygonPrototype_Texture_01.mat
  artifactKey: Guid(41680dad0f0243748b4e228f49a2e3c4) Importer(815301076,1909f56bfc062723c751e8b465ee728b)
Number of updated assets reloaded before import = 0
Start importing Assets/Course Library/_Source_Files/Materials/PolygonPrototype_Texture_01.mat using Guid(41680dad0f0243748b4e228f49a2e3c4) Importer(815301076,1909f56bfc062723c751e8b465ee728b)  -> (artifact id: 'b7ccec5e6b50f4a1a53f48d6d80725ee') in 0.031470 seconds 
Number of asset objects unloaded after import = 2
========================================================================
Received Import Request.
  Time since last request: 0.055093 seconds.
  path: Assets/Course Library/Materials/PolygonPrototype_Texture_Grid_Glass_01.mat
  artifactKey: Guid(67975ab36fa3e3a48b6f5392e4fb8f33) Importer(815301076,1909f56bfc062723c751e8b465ee728b)
Number of updated assets reloaded before import = 0
Start importing Assets/Course Library/Materials/PolygonPrototype_Texture_Grid_Glass_01.mat using Guid(67975ab36fa3e3a48b6f5392e4fb8f33) Importer(815301076,1909f56bfc062723c751e8b465ee728b)  -> (artifact id: '9debb76b98d7c9a265e29759d445a8f4') in 0.017855 seconds 
Number of asset objects unloaded after import = 2
========================================================================
Received Import Request.
  Time since last request: 0.023927 seconds.
  path: Assets/Course Library/_Source_Files/FBX/SI_MultiplierIcon.fbx
  artifactKey: Guid(7b2e43c7f0b75f54789417d03a4eb3cb) Importer(815301076,1909f56bfc062723c751e8b465ee728b)
Number of updated assets reloaded before import = 0
Start importing Assets/Course Library/_Source_Files/FBX/SI_MultiplierIcon.fbx using Guid(7b2e43c7f0b75f54789417d03a4eb3cb) Importer(815301076,1909f56bfc062723c751e8b465ee728b)  -> (artifact id: 'cb03efa6e681a4e6106badf98fa88b16') in 0.019299 seconds 
Number of asset objects unloaded after import = 7
========================================================================
Received Import Request.
  Time since last request: 0.025669 seconds.
  path: Assets/Course Library/Sky
  artifactKey: Guid(9fb9a28e9debe493caa0fac03c12d2c2) Importer(815301076,1909f56bfc062723c751e8b465ee728b)
Number of updated assets reloaded before import = 0
Start importing Assets/Course Library/Sky using Guid(9fb9a28e9debe493caa0fac03c12d2c2) Importer(815301076,1909f56bfc062723c751e8b465ee728b)  -> (artifact id: '3a925e7b35ca717cba30d218ab649a58') in 0.007831 seconds 
Number of asset objects unloaded after import = 0
========================================================================
Received Import Request.
  Time since last request: 0.023039 seconds.
  path: Assets/Scripts/Enemy.cs
  artifactKey: Guid(196141256fd575a48aebf1e8a0e48eb9) Importer(815301076,1909f56bfc062723c751e8b465ee728b)
Number of updated assets reloaded before import = 0
Start importing Assets/Scripts/Enemy.cs using Guid(196141256fd575a48aebf1e8a0e48eb9) Importer(815301076,1909f56bfc062723c751e8b465ee728b)  -> (artifact id: '1e8bb05ed3c71c510dfacd2b3fc3a72e') in 0.012943 seconds 
Number of asset objects unloaded after import = 0
========================================================================
Received Import Request.
  Time since last request: 0.036822 seconds.
  path: Assets/Course Library/_Source_Files/FBX/SI_PowerIcon.fbx
  artifactKey: Guid(44cb397c8b73c2f40bfa05c2199ffa2b) Importer(815301076,1909f56bfc062723c751e8b465ee728b)
Number of updated assets reloaded before import = 0
Start importing Assets/Course Library/_Source_Files/FBX/SI_PowerIcon.fbx using Guid(44cb397c8b73c2f40bfa05c2199ffa2b) Importer(815301076,1909f56bfc062723c751e8b465ee728b)  -> (artifact id: '9adf038479599c91b9d05b3829ad455b') in 0.020177 seconds 
Number of asset objects unloaded after import = 7
========================================================================
Received Import Request.
  Time since last request: 0.052607 seconds.
  path: Assets/Course Library/_Source_Files/FBX/SM_Icon_Balloon_01.fbx
  artifactKey: Guid(2b1600b8b48e3ac4c87e5d81a4153ab7) Importer(815301076,1909f56bfc062723c751e8b465ee728b)
Number of updated assets reloaded before import = 0
Start importing Assets/Course Library/_Source_Files/FBX/SM_Icon_Balloon_01.fbx using Guid(2b1600b8b48e3ac4c87e5d81a4153ab7) Importer(815301076,1909f56bfc062723c751e8b465ee728b)  -> (artifact id: '70094ee313e722d97f35faf1615edaad') in 0.020153 seconds 
Number of asset objects unloaded after import = 7
========================================================================
Received Import Request.
  Time since last request: 0.009588 seconds.
  path: Assets/Course Library/_Source_Files/Textures/SimpleIcons_Texture.png
  artifactKey: Guid(3e3e7739c37f6df4a9ac958352bdd251) Importer(815301076,1909f56bfc062723c751e8b465ee728b)
Number of updated assets reloaded before import = 0
Start importing Assets/Course Library/_Source_Files/Textures/SimpleIcons_Texture.png using Guid(3e3e7739c37f6df4a9ac958352bdd251) Importer(815301076,1909f56bfc062723c751e8b465ee728b)  -> (artifact id: '8276d68b11464629f3718c404ceaf080') in 0.025826 seconds 
Number of asset objects unloaded after import = 2
========================================================================
Received Import Request.
  Time since last request: 0.023730 seconds.
  path: Assets/Course Library/_Source_Files/FBX/SM_Icon_SelectionRing_02.fbx
  artifactKey: Guid(f53a62680c316ef41be1a025e7add452) Importer(815301076,1909f56bfc062723c751e8b465ee728b)
Number of updated assets reloaded before import = 0
Start importing Assets/Course Library/_Source_Files/FBX/SM_Icon_SelectionRing_02.fbx using Guid(f53a62680c316ef41be1a025e7add452) Importer(815301076,1909f56bfc062723c751e8b465ee728b)  -> (artifact id: '60642a69ad83434b5ffbece863c4c513') in 0.020348 seconds 
Number of asset objects unloaded after import = 7
========================================================================
Received Import Request.
  Time since last request: 0.009320 seconds.
  path: Assets/Course Library/_Source_Files/FBX/SM_Icon_Potion_02.fbx
  artifactKey: Guid(bbe7d787b124aa64481203efb7463c45) Importer(815301076,1909f56bfc062723c751e8b465ee728b)
Number of updated assets reloaded before import = 0
Start importing Assets/Course Library/_Source_Files/FBX/SM_Icon_Potion_02.fbx using Guid(bbe7d787b124aa64481203efb7463c45) Importer(815301076,1909f56bfc062723c751e8b465ee728b)  -> (artifact id: 'd8b361f0e97366159bed084235871b34') in 0.019086 seconds 
Number of asset objects unloaded after import = 7
========================================================================
Received Import Request.
  Time since last request: 0.008519 seconds.
  path: Assets/Course Library/Ground/Ground_Tile_Hex_FloatingIsland_01.prefab
  artifactKey: Guid(961be46ca9a355943ae3f65c47741bb0) Importer(815301076,1909f56bfc062723c751e8b465ee728b)
Number of updated assets reloaded before import = 0
Start importing Assets/Course Library/Ground/Ground_Tile_Hex_FloatingIsland_01.prefab using Guid(961be46ca9a355943ae3f65c47741bb0) Importer(815301076,1909f56bfc062723c751e8b465ee728b)  -> (artifact id: '4b644a02aee9168615839d2e512affea') in 0.025140 seconds 
Number of asset objects unloaded after import = 10
========================================================================
Received Import Request.
  Time since last request: 0.009824 seconds.
  path: Assets/Scenes/SampleScene.unity
  artifactKey: Guid(9fc0d4010bbf28b4594072e72b8655ab) Importer(815301076,1909f56bfc062723c751e8b465ee728b)
Number of updated assets reloaded before import = 0
Start importing Assets/Scenes/SampleScene.unity using Guid(9fc0d4010bbf28b4594072e72b8655ab) Importer(815301076,1909f56bfc062723c751e8b465ee728b)  -> (artifact id: 'f06ff7518c93fa7a16f3a53a85d38f58') in 0.008590 seconds 
Number of asset objects unloaded after import = 0
========================================================================
Received Import Request.
  Time since last request: 0.008367 seconds.
  path: Assets/Course Library/_Source_Files/Materials/FX_Mist.prefab
  artifactKey: Guid(3fd5555088952419ebf0eb82e9096fa5) Importer(815301076,1909f56bfc062723c751e8b465ee728b)
Number of updated assets reloaded before import = 0
Start importing Assets/Course Library/_Source_Files/Materials/FX_Mist.prefab using Guid(3fd5555088952419ebf0eb82e9096fa5) Importer(815301076,1909f56bfc062723c751e8b465ee728b)  -> (artifact id: 'ba52d62eb7663a4be77f3b5846a1b91d') in 0.021181 seconds 
Number of asset objects unloaded after import = 7
========================================================================
Received Import Request.
  Time since last request: 0.008584 seconds.
  path: Assets/Course Library/Ground/Ground_Tile_Cube_FloatingIsland_01.prefab
  artifactKey: Guid(c18b0566c0ca32548acca53d337698db) Importer(815301076,1909f56bfc062723c751e8b465ee728b)
Number of updated assets reloaded before import = 0
Start importing Assets/Course Library/Ground/Ground_Tile_Cube_FloatingIsland_01.prefab using Guid(c18b0566c0ca32548acca53d337698db) Importer(815301076,1909f56bfc062723c751e8b465ee728b)  -> (artifact id: '077bfcc163ad37ec2b3a40b0cd27f38b') in 0.018715 seconds 
Number of asset objects unloaded after import = 10
========================================================================
Received Import Request.
  Time since last request: 0.023260 seconds.
  path: Assets/Material/Red.mat
  artifactKey: Guid(7d55f4fe2e682a240bf0b5d56949081b) Importer(815301076,1909f56bfc062723c751e8b465ee728b)
Number of updated assets reloaded before import = 0
Start importing Assets/Material/Red.mat using Guid(7d55f4fe2e682a240bf0b5d56949081b) Importer(815301076,1909f56bfc062723c751e8b465ee728b)  -> (artifact id: 'e0ecf9cca7268c561aacc21614f8561b') in 0.014337 seconds 
Number of asset objects unloaded after import = 1
========================================================================
Received Import Request.
  Time since last request: 0.008150 seconds.
  path: Assets/Scenes/Prototype 4.unity
  artifactKey: Guid(a4b96ad7a65484fd4a83cb97540eee50) Importer(815301076,1909f56bfc062723c751e8b465ee728b)
Number of updated assets reloaded before import = 0
Start importing Assets/Scenes/Prototype 4.unity using Guid(a4b96ad7a65484fd4a83cb97540eee50) Importer(815301076,1909f56bfc062723c751e8b465ee728b)  -> (artifact id: '03b2238917d3b2bc2a8200386764db5d') in 0.007996 seconds 
Number of asset objects unloaded after import = 0
========================================================================
Received Import Request.
  Time since last request: 0.040256 seconds.
  path: Assets/Course Library/_Source_Files/FBX/SI_RepairIcon.fbx
  artifactKey: Guid(a23ff2708d9482e42b37fcc0c30dde67) Importer(815301076,1909f56bfc062723c751e8b465ee728b)
Number of updated assets reloaded before import = 0
Start importing Assets/Course Library/_Source_Files/FBX/SI_RepairIcon.fbx using Guid(a23ff2708d9482e42b37fcc0c30dde67) Importer(815301076,1909f56bfc062723c751e8b465ee728b)  -> (artifact id: '025cbbf61af18ebdf4e3d1ace06fbbd3') in 0.020212 seconds 
Number of asset objects unloaded after import = 7
========================================================================
Received Import Request.
  Time since last request: 0.007723 seconds.
  path: Assets/Course Library/_Source_Files/FBX/SI_RadiationIcon.fbx
  artifactKey: Guid(658d96199cc7d3b4880fa76714523436) Importer(815301076,1909f56bfc062723c751e8b465ee728b)
Number of updated assets reloaded before import = 0
Start importing Assets/Course Library/_Source_Files/FBX/SI_RadiationIcon.fbx using Guid(658d96199cc7d3b4880fa76714523436) Importer(815301076,1909f56bfc062723c751e8b465ee728b)  -> (artifact id: '672c9df3fc8c57cb45964efb9daa3f32') in 0.019857 seconds 
Number of asset objects unloaded after import = 7
========================================================================
Received Import Request.
  Time since last request: 0.007343 seconds.
  path: Assets/Scripts/PlayerController.cs
  artifactKey: Guid(ba41639ec0010074082166cc13de660c) Importer(815301076,1909f56bfc062723c751e8b465ee728b)
Number of updated assets reloaded before import = 0
Start importing Assets/Scripts/PlayerController.cs using Guid(ba41639ec0010074082166cc13de660c) Importer(815301076,1909f56bfc062723c751e8b465ee728b)  -> (artifact id: 'c5eb7c39ad6ce03c2b25058bfe528827') in 0.008373 seconds 
Number of asset objects unloaded after import = 0
========================================================================
Received Import Request.
  Time since last request: 0.004126 seconds.
  path: Assets/Course Library/_Source_Files/FBX
  artifactKey: Guid(7b51721fc7cba7a47b1cb71184a00c32) Importer(815301076,1909f56bfc062723c751e8b465ee728b)
Number of updated assets reloaded before import = 0
Start importing Assets/Course Library/_Source_Files/FBX using Guid(7b51721fc7cba7a47b1cb71184a00c32) Importer(815301076,1909f56bfc062723c751e8b465ee728b)  -> (artifact id: 'b4ab8f7c957a18fbea096fb086f3d503') in 0.007630 seconds 
Number of asset objects unloaded after import = 0
========================================================================
Received Import Request.
  Time since last request: 0.029948 seconds.
  path: Assets/Course Library/_Source_Files/FBX/SkyDome.fbx
  artifactKey: Guid(1340630fb7a3267499177be33f281f05) Importer(815301076,1909f56bfc062723c751e8b465ee728b)
Number of updated assets reloaded before import = 0
Start importing Assets/Course Library/_Source_Files/FBX/SkyDome.fbx using Guid(1340630fb7a3267499177be33f281f05) Importer(815301076,1909f56bfc062723c751e8b465ee728b)  -> (artifact id: 'c60097c2aeff35be753ce146da72604a') in 0.046996 seconds 
Number of asset objects unloaded after import = 26
========================================================================
Received Import Request.
  Time since last request: 0.008918 seconds.
  path: Assets/Course Library/_Source_Files/Textures/PolygonMinis_Texture_01.png
  artifactKey: Guid(65bf252a1d0243b40a63ee08ad703289) Importer(815301076,1909f56bfc062723c751e8b465ee728b)
Number of updated assets reloaded before import = 0
Start importing Assets/Course Library/_Source_Files/Textures/PolygonMinis_Texture_01.png using Guid(65bf252a1d0243b40a63ee08ad703289) Importer(815301076,1909f56bfc062723c751e8b465ee728b)  -> (artifact id: '865c13826aa50a68a2efce7dc4d36d62') in 0.014983 seconds 
Number of asset objects unloaded after import = 2
========================================================================
Received Import Request.
  Time since last request: 0.013871 seconds.
  path: Assets/Course Library/_Source_Files/Textures/SimpleSky.png
  artifactKey: Guid(7bab9ac1487e10c40b9ed77d4c551e04) Importer(815301076,1909f56bfc062723c751e8b465ee728b)
Number of updated assets reloaded before import = 0
Start importing Assets/Course Library/_Source_Files/Textures/SimpleSky.png using Guid(7bab9ac1487e10c40b9ed77d4c551e04) Importer(815301076,1909f56bfc062723c751e8b465ee728b)  -> (artifact id: 'fc42866da19f3bf5cdc965b8bcd4acff') in 0.015723 seconds 
Number of asset objects unloaded after import = 2
========================================================================
Received Import Request.
  Time since last request: 0.009628 seconds.
  path: Assets/Course Library/_Source_Files/FBX/SM_Icon_SelectionRing_06.fbx
  artifactKey: Guid(3d6b592f14dafe34c86b57060d33f7d2) Importer(815301076,1909f56bfc062723c751e8b465ee728b)
Number of updated assets reloaded before import = 0
Start importing Assets/Course Library/_Source_Files/FBX/SM_Icon_SelectionRing_06.fbx using Guid(3d6b592f14dafe34c86b57060d33f7d2) Importer(815301076,1909f56bfc062723c751e8b465ee728b)  -> (artifact id: '3c85a563a053a842e82f46d17f9d522f') in 0.038494 seconds 
Number of asset objects unloaded after import = 7
========================================================================
Received Import Request.
  Time since last request: 0.010689 seconds.
  path: Assets/Course Library/_Source_Files/Textures/PolygonMinis_Texture_01_Purple.png
  artifactKey: Guid(9b654102de6ae3749a41941671a2cbe7) Importer(815301076,1909f56bfc062723c751e8b465ee728b)
Number of updated assets reloaded before import = 0
Start importing Assets/Course Library/_Source_Files/Textures/PolygonMinis_Texture_01_Purple.png using Guid(9b654102de6ae3749a41941671a2cbe7) Importer(815301076,1909f56bfc062723c751e8b465ee728b)  -> (artifact id: '0bf3e10953625b436d0e36f53038b473') in 0.033228 seconds 
Number of asset objects unloaded after import = 2
========================================================================
Received Import Request.
  Time since last request: 0.002186 seconds.
  path: Assets/Course Library/_Source_Files/Materials
  artifactKey: Guid(5b52054e701663240a465cc7d040c925) Importer(815301076,1909f56bfc062723c751e8b465ee728b)
Number of updated assets reloaded before import = 0
Start importing Assets/Course Library/_Source_Files/Materials using Guid(5b52054e701663240a465cc7d040c925) Importer(815301076,1909f56bfc062723c751e8b465ee728b)  -> (artifact id: '4d798044652075b78fdc67412da4655d') in 0.013329 seconds 
Number of asset objects unloaded after import = 0
========================================================================
Received Import Request.
  Time since last request: 0.028460 seconds.
  path: Assets/Course Library/Ground
  artifactKey: Guid(efafaf37aee603d4c84285f594a32b00) Importer(815301076,1909f56bfc062723c751e8b465ee728b)
Number of updated assets reloaded before import = 0
Start importing Assets/Course Library/Ground using Guid(efafaf37aee603d4c84285f594a32b00) Importer(815301076,1909f56bfc062723c751e8b465ee728b)  -> (artifact id: '51ed0a808c2f01e43766ca436c3cfb14') in 0.013077 seconds 
Number of asset objects unloaded after import = 0
========================================================================
Received Import Request.
  Time since last request: 0.011050 seconds.
  path: Assets/Course Library/_Source_Files/FBX/SM_Tile_Cube_FloatingIsland_01.fbx
  artifactKey: Guid(8654e43d5b3a28d4f821bc6203abdf26) Importer(815301076,1909f56bfc062723c751e8b465ee728b)
Number of updated assets reloaded before import = 0
Start importing Assets/Course Library/_Source_Files/FBX/SM_Tile_Cube_FloatingIsland_01.fbx using Guid(8654e43d5b3a28d4f821bc6203abdf26) Importer(815301076,1909f56bfc062723c751e8b465ee728b)  -> (artifact id: '6bda3f8904d4eaa8aa094cdf96a4832b') in 0.029197 seconds 
Number of asset objects unloaded after import = 7
========================================================================
Received Import Request.
  Time since last request: 0.032826 seconds.
  path: Assets/Course Library/_Source_Files/FBX/SM_Icon_Star_01.fbx
  artifactKey: Guid(f7ec8369cac1a7e4ab36747b35f91c24) Importer(815301076,1909f56bfc062723c751e8b465ee728b)
Number of updated assets reloaded before import = 0
Start importing Assets/Course Library/_Source_Files/FBX/SM_Icon_Star_01.fbx using Guid(f7ec8369cac1a7e4ab36747b35f91c24) Importer(815301076,1909f56bfc062723c751e8b465ee728b)  -> (artifact id: 'bbe743dae0fff6ae34273f9f17cf1625') in 0.022058 seconds 
Number of asset objects unloaded after import = 7
========================================================================
Received Import Request.
  Time since last request: 0.008078 seconds.
  path: Assets/Course Library/_Source_Files/Materials/PolygonMinis_Fantasy_01.mat
  artifactKey: Guid(a16b7b85a356b7d469067849a165dcff) Importer(815301076,1909f56bfc062723c751e8b465ee728b)
Number of updated assets reloaded before import = 0
Start importing Assets/Course Library/_Source_Files/Materials/PolygonMinis_Fantasy_01.mat using Guid(a16b7b85a356b7d469067849a165dcff) Importer(815301076,1909f56bfc062723c751e8b465ee728b)  -> (artifact id: '0351cae1d2e4ceb55f336a5fdcfd0151') in 0.020695 seconds 
Number of asset objects unloaded after import = 3
========================================================================
Received Import Request.
  Time since last request: 0.004723 seconds.
  path: Assets/Course Library/Materials
  artifactKey: Guid(82eef0729277fa3489683b958c5128bb) Importer(815301076,1909f56bfc062723c751e8b465ee728b)
Number of updated assets reloaded before import = 0
Start importing Assets/Course Library/Materials using Guid(82eef0729277fa3489683b958c5128bb) Importer(815301076,1909f56bfc062723c751e8b465ee728b)  -> (artifact id: '91cc3b269438d0ac7a337e3efc4ce908') in 0.003925 seconds 
Number of asset objects unloaded after import = 0
========================================================================
Received Import Request.
  Time since last request: 0.009579 seconds.
  path: Assets/Course Library/_Source_Files
  artifactKey: Guid(0a11fcdc511c6724095926c167391bd6) Importer(815301076,1909f56bfc062723c751e8b465ee728b)
Number of updated assets reloaded before import = 0
Start importing Assets/Course Library/_Source_Files using Guid(0a11fcdc511c6724095926c167391bd6) Importer(815301076,1909f56bfc062723c751e8b465ee728b)  -> (artifact id: 'c9e48c1434b108d2e8deff514b6a85f8') in 0.007419 seconds 
Number of asset objects unloaded after import = 0
========================================================================
Received Import Request.
  Time since last request: 0.031349 seconds.
  path: Assets/Course Library/_Source_Files/Textures/PolygonPrototype_Texture_01.png
  artifactKey: Guid(86cb957541c7c8542a6306ffb82e6833) Importer(815301076,1909f56bfc062723c751e8b465ee728b)
Number of updated assets reloaded before import = 0
Start importing Assets/Course Library/_Source_Files/Textures/PolygonPrototype_Texture_01.png using Guid(86cb957541c7c8542a6306ffb82e6833) Importer(815301076,1909f56bfc062723c751e8b465ee728b)  -> (artifact id: '7d38d094ffe150f2483430d42045c716') in 0.015484 seconds 
Number of asset objects unloaded after import = 2
========================================================================
Received Import Request.
  Time since last request: 0.007010 seconds.
  path: Assets/Physics Materials/Bouncy.physicMaterial
  artifactKey: Guid(77fe0e82e97ce854ebb6676f1e960e6b) Importer(815301076,1909f56bfc062723c751e8b465ee728b)
Number of updated assets reloaded before import = 0
Start importing Assets/Physics Materials/Bouncy.physicMaterial using Guid(77fe0e82e97ce854ebb6676f1e960e6b) Importer(815301076,1909f56bfc062723c751e8b465ee728b)  -> (artifact id: 'a6add45d2e397c2d3b5994132a0fc75d') in 0.008990 seconds 
Number of asset objects unloaded after import = 1
========================================================================
Received Import Request.
  Time since last request: 0.021728 seconds.
  path: Assets/Course Library/_Source_Files/Materials/SimpleIcons.mat
  artifactKey: Guid(9c0880e4cd8a8704e82b6940624b569a) Importer(815301076,1909f56bfc062723c751e8b465ee728b)
Number of updated assets reloaded before import = 0
Start importing Assets/Course Library/_Source_Files/Materials/SimpleIcons.mat using Guid(9c0880e4cd8a8704e82b6940624b569a) Importer(815301076,1909f56bfc062723c751e8b465ee728b)  -> (artifact id: '9f7917e229fc2ec400ed799e68ae3504') in 0.023589 seconds 
Number of asset objects unloaded after import = 2
========================================================================
Received Import Request.
  Time since last request: 0.028839 seconds.
  path: Assets/Course Library/_Source_Files/FBX/SM_Tile_Hex_FloatingIsland_01.fbx
  artifactKey: Guid(8878a37eb67ddac4ead51890a31d6a18) Importer(815301076,1909f56bfc062723c751e8b465ee728b)
Number of updated assets reloaded before import = 0
Start importing Assets/Course Library/_Source_Files/FBX/SM_Tile_Hex_FloatingIsland_01.fbx using Guid(8878a37eb67ddac4ead51890a31d6a18) Importer(815301076,1909f56bfc062723c751e8b465ee728b)  -> (artifact id: 'bfed898a218d7b1a00a29f3a54cec23a') in 0.021524 seconds 
Number of asset objects unloaded after import = 7
========================================================================
Received Import Request.
  Time since last request: 0.008358 seconds.
  path: Assets/Course Library/_Source_Files/FBX/SI_Symbol_Dollar.fbx
  artifactKey: Guid(513d5f56c48761f4f9782bfff612af87) Importer(815301076,1909f56bfc062723c751e8b465ee728b)
Number of updated assets reloaded before import = 0
Start importing Assets/Course Library/_Source_Files/FBX/SI_Symbol_Dollar.fbx using Guid(513d5f56c48761f4f9782bfff612af87) Importer(815301076,1909f56bfc062723c751e8b465ee728b)  -> (artifact id: 'e02a3780685ba25da183c1161d58e204') in 0.017022 seconds 
Number of asset objects unloaded after import = 7
========================================================================
Received Import Request.
  Time since last request: 0.017831 seconds.
  path: Assets/Scenes
  artifactKey: Guid(25308c86853066f4690763ef1a488ba2) Importer(815301076,1909f56bfc062723c751e8b465ee728b)
Number of updated assets reloaded before import = 0
Start importing Assets/Scenes using Guid(25308c86853066f4690763ef1a488ba2) Importer(815301076,1909f56bfc062723c751e8b465ee728b)  -> (artifact id: 'd0648c37f12355d62042881d66bbaa9b') in 0.008212 seconds 
Number of asset objects unloaded after import = 0
========================================================================
Received Import Request.
  Time since last request: 0.021684 seconds.
  path: Assets/Course Library/Sky/SkyDome.prefab
  artifactKey: Guid(363a8f737719f4d2eafb35f885f3706f) Importer(815301076,1909f56bfc062723c751e8b465ee728b)
Number of updated assets reloaded before import = 0
Start importing Assets/Course Library/Sky/SkyDome.prefab using Guid(363a8f737719f4d2eafb35f885f3706f) Importer(815301076,1909f56bfc062723c751e8b465ee728b)  -> (artifact id: 'b8793c066caaa80446d1c8905b526c6c') in 0.013373 seconds 
Number of asset objects unloaded after import = 28
========================================================================
Received Import Request.
  Time since last request: 0.004856 seconds.
  path: Assets/Course Library/_Source_Files/Textures
  artifactKey: Guid(f422e7a7e563f38429548e0b5a070cc8) Importer(815301076,1909f56bfc062723c751e8b465ee728b)
Number of updated assets reloaded before import = 0
Start importing Assets/Course Library/_Source_Files/Textures using Guid(f422e7a7e563f38429548e0b5a070cc8) Importer(815301076,1909f56bfc062723c751e8b465ee728b)  -> (artifact id: '036f1fdd48b85fd1c43d761f3f60e304') in 0.007204 seconds 
Number of asset objects unloaded after import = 0
========================================================================
Received Import Request.
  Time since last request: 0.019581 seconds.
  path: Assets/Course Library/_Source_Files/_LICENSE.txt
  artifactKey: Guid(6daf71e7a619b48adbeaaa274958dacf) Importer(815301076,1909f56bfc062723c751e8b465ee728b)
Number of updated assets reloaded before import = 0
Start importing Assets/Course Library/_Source_Files/_LICENSE.txt using Guid(6daf71e7a619b48adbeaaa274958dacf) Importer(815301076,1909f56bfc062723c751e8b465ee728b)  -> (artifact id: 'd45f2b680aa0c06da0ee01e3dc3fb561') in 0.010937 seconds 
Number of asset objects unloaded after import = 1
========================================================================
Received Import Request.
  Time since last request: 0.023256 seconds.
  path: Assets/Scripts/RotateCamera.cs
  artifactKey: Guid(705b8319a2b34984b9ea20f4719c8cf5) Importer(815301076,1909f56bfc062723c751e8b465ee728b)
Number of updated assets reloaded before import = 0
Start importing Assets/Scripts/RotateCamera.cs using Guid(705b8319a2b34984b9ea20f4719c8cf5) Importer(815301076,1909f56bfc062723c751e8b465ee728b)  -> (artifact id: 'c9baef920a283036073f2827a320ac55') in 0.008264 seconds 
Number of asset objects unloaded after import = 0
========================================================================
Received Import Request.
  Time since last request: 0.007367 seconds.
  path: Assets/Course Library/_Source_Files/FBX/SM_Icon_Gem_01.fbx
  artifactKey: Guid(c8e9a715daac24048a124a1f8e3487fa) Importer(815301076,1909f56bfc062723c751e8b465ee728b)
Number of updated assets reloaded before import = 0
Start importing Assets/Course Library/_Source_Files/FBX/SM_Icon_Gem_01.fbx using Guid(c8e9a715daac24048a124a1f8e3487fa) Importer(815301076,1909f56bfc062723c751e8b465ee728b)  -> (artifact id: '454034362068191a149558d274f0c1a5') in 0.018312 seconds 
Number of asset objects unloaded after import = 7
========================================================================
Received Import Request.
  Time since last request: 0.007264 seconds.
  path: Assets/Course Library/_Source_Files/Materials/SimpleSky.mat
  artifactKey: Guid(e68f77e240a7f8643b5cc4253dc37516) Importer(815301076,1909f56bfc062723c751e8b465ee728b)
Number of updated assets reloaded before import = 0
Start importing Assets/Course Library/_Source_Files/Materials/SimpleSky.mat using Guid(e68f77e240a7f8643b5cc4253dc37516) Importer(815301076,1909f56bfc062723c751e8b465ee728b)  -> (artifact id: '1eee26288c781a8f4028fd56eb3285d5') in 0.013308 seconds 
Number of asset objects unloaded after import = 2
========================================================================
Received Import Request.
  Time since last request: 0.009445 seconds.
  path: Assets/Course Library/_Source_Files/FBX/SI_FireIcon.fbx
  artifactKey: Guid(31e6dd0b1a83d2545a63dfc9ef21c42f) Importer(815301076,1909f56bfc062723c751e8b465ee728b)
Number of updated assets reloaded before import = 0
Start importing Assets/Course Library/_Source_Files/FBX/SI_FireIcon.fbx using Guid(31e6dd0b1a83d2545a63dfc9ef21c42f) Importer(815301076,1909f56bfc062723c751e8b465ee728b)  -> (artifact id: 'e714979efcf002acf44624f17abb892b') in 0.021923 seconds 
Number of asset objects unloaded after import = 7
========================================================================
Received Import Request.
  Time since last request: 0.009207 seconds.
  path: Assets/Course Library/Materials/PolygonPrototype_Texture_Grid_01.mat
  artifactKey: Guid(e79b74944be782645a47827b9cb47977) Importer(815301076,1909f56bfc062723c751e8b465ee728b)
Number of updated assets reloaded before import = 0
Start importing Assets/Course Library/Materials/PolygonPrototype_Texture_Grid_01.mat using Guid(e79b74944be782645a47827b9cb47977) Importer(815301076,1909f56bfc062723c751e8b465ee728b)  -> (artifact id: '4dcdb71745a3d524704f7289d970d005') in 0.016822 seconds 
Number of asset objects unloaded after import = 2
========================================================================
Received Import Request.
  Time since last request: 0.008484 seconds.
  path: Assets/Course Library/Materials/PolygonPrototype_Texture_Grid_07.mat
  artifactKey: Guid(c987e7ed6c687d548935e0c53693cb8f) Importer(815301076,1909f56bfc062723c751e8b465ee728b)
Number of updated assets reloaded before import = 0
Start importing Assets/Course Library/Materials/PolygonPrototype_Texture_Grid_07.mat using Guid(c987e7ed6c687d548935e0c53693cb8f) Importer(815301076,1909f56bfc062723c751e8b465ee728b)  -> (artifact id: 'ca089529f30dff9103edfc11123266e4') in 0.018837 seconds 
Number of asset objects unloaded after import = 2
========================================================================
Received Import Request.
  Time since last request: 0.029666 seconds.
  path: Assets/Course Library/_Source_Files/FBX/SI_GoldCupIcon.fbx
  artifactKey: Guid(823dde28ac754a14380d87d04313647b) Importer(815301076,1909f56bfc062723c751e8b465ee728b)
Number of updated assets reloaded before import = 0
Start importing Assets/Course Library/_Source_Files/FBX/SI_GoldCupIcon.fbx using Guid(823dde28ac754a14380d87d04313647b) Importer(815301076,1909f56bfc062723c751e8b465ee728b)  -> (artifact id: '8d19798743dfa2416ca3877117e855ce') in 0.021492 seconds 
Number of asset objects unloaded after import = 7
========================================================================
Received Import Request.
  Time since last request: 0.041599 seconds.
  path: Assets/Scripts/SpawnManager.cs
  artifactKey: Guid(208f770fa9c2d3742ba6e7afa56b741b) Importer(815301076,1909f56bfc062723c751e8b465ee728b)
Number of updated assets reloaded before import = 0
Start importing Assets/Scripts/SpawnManager.cs using Guid(208f770fa9c2d3742ba6e7afa56b741b) Importer(815301076,1909f56bfc062723c751e8b465ee728b)  -> (artifact id: '51d4fb1bebad092242464c8253385288') in 0.007855 seconds 
Number of asset objects unloaded after import = 0
========================================================================
Received Prepare
Registering precompiled user dll's ...
Registered in 0.006177 seconds.
Begin MonoManager ReloadAssembly
Symbol file LoadedFromMemory doesn't match image C:\Users\alper\Desktop\CreateWithCode\UnityOfficial\Prototype4\Prototype4\Library\PackageCache\com.unity.visualscripting@1.7.5\Editor\VisualScripting.Core\Dependencies\YamlDotNet\Unity.VisualScripting.YamlDotNet.dll
Symbol file LoadedFromMemory is not a mono symbol file
Symbol file LoadedFromMemory doesn't match image C:\Users\alper\Desktop\CreateWithCode\UnityOfficial\Prototype4\Prototype4\Library\PackageCache\com.unity.visualscripting@1.7.5\Editor\VisualScripting.Core\Dependencies\DotNetZip\Unity.VisualScripting.IonicZip.dll
- Loaded All Assemblies, in  1.522 seconds
Refreshing native plugins compatible for Editor in 5.89 ms, found 3 plugins.
Preloading 0 native plugins for Editor in 0.00 ms.
Native extension for WindowsStandalone target not found
Native extension for iOS target not found
Native extension for Android target not found
Mono: successfully reloaded assembly
- Finished resetting the current domain, in  1.124 seconds
Domain Reload Profiling:
	ReloadAssembly (523ms)
		BeginReloadAssembly (408ms)
			ExecutionOrderSort (0ms)
			DisableScriptedObjects (5ms)
			BackupInstance (0ms)
			ReleaseScriptingObjects (0ms)
			CreateAndSetChildDomain (148ms)
		LoadAllAssembliesAndSetupDomain (994ms)
			LoadAssemblies (256ms)
			RebuildTransferFunctionScriptingTraits (0ms)
			SetupTypeCache (930ms)
				TypeCache.Initialize (569ms)
					TypeCache.ScanAssembly (560ms)
				ResolveRequiredComponents (6ms)
		FinalizeReload (0ms)
			ReleaseScriptCaches (0ms)
			RebuildScriptCaches (0ms)
			SetupLoadedEditorAssemblies (506ms)
				LogAssemblyErrors (0ms)
				InitializePlatformSupportModulesInManaged (50ms)
				SetLoadedEditorAssemblies (9ms)
				RefreshPlugins (0ms)
				BeforeProcessingInitializeOnLoad (79ms)
				ProcessInitializeOnLoadAttributes (317ms)
				ProcessInitializeOnLoadMethodAttributes (36ms)
				AfterProcessingInitializeOnLoad (14ms)
				EditorAssembliesLoaded (0ms)
			ExecutionOrderSort2 (0ms)
			AwakeInstancesAfterBackupRestoration (11ms)
Refreshing native plugins compatible for Editor in 0.68 ms, found 3 plugins.
Preloading 0 native plugins for Editor in 0.00 ms.
Unloading 3241 Unused Serialized files (Serialized files now loaded: 0)
Unloading 18 unused Assets / (24.6 KB). Loaded Objects now: 3768.
Memory consumption went from 493.7 MB to 493.6 MB.
Total: 4.242500 ms (FindLiveObjects: 0.324300 ms CreateObjectMapping: 0.282700 ms MarkObjects: 3.543500 ms  DeleteObjects: 0.090300 ms)

AssetImportParameters requested are different than current active one (requested -> active):
  custom:container-demuxer-ogg: 62fdf1f143b41e24485cea50d1cbac27 -> 
  custom:video-decoder-ogg-theora: a1e56fd34408186e4bbccfd4996cb3dc -> 
  custom:framework-win-MediaFoundation: 216162199b28c13a410421893ffa2e32 -> 
  custom:container-demuxer-webm: 4f35f7cbe854078d1ac9338744f61a02 -> 
  custom:container-muxer-webm: aa71ff27fc2769a1b78a27578f13a17b -> 
  custom:video-decoder-webm-vp8: 9c59270c3fd7afecdb556c50c9e8de78 -> 
  custom:video-encoder-webm-vp8: eb34c28f22e8b96e1ab97ce403110664 -> 
  custom:audio-decoder-ogg-vorbis: bf7c407c2cedff20999df2af8eb42d56 -> 
  custom:audio-encoder-webm-vorbis: bf7c407c2cedff20999df2af8eb42d56 -> 
========================================================================
Received Import Request.
  Time since last request: 82.386176 seconds.
  path: Assets/Scenes/Prototype 1.unity
  artifactKey: Guid(84729eeda748340d0955715b6a50b370) Importer(815301076,1909f56bfc062723c751e8b465ee728b)
Number of updated assets reloaded before import = 0
Start importing Assets/Scenes/Prototype 1.unity using Guid(84729eeda748340d0955715b6a50b370) Importer(815301076,1909f56bfc062723c751e8b465ee728b)  -> (artifact id: '2b98f801281371c6dded2128bda004ca') in 0.025308 seconds 
Number of asset objects unloaded after import = 0
